1
317811
610
10946
55
5
63245986
63245986
2
75025
121393
121393
1
317811
1
144
14930352
28657
317811
24157817
2178309
5
28657
5702887
233
28657
17711
24157817
63245986
987
21
13
144
4181
832040
3524578
317811
6765
14930352
610
46368
144
2
377
5702887
75025
17711
2178309
377
514229
317811
5
28657
39088169
39088169
6765
3
17711
55
4181
24157817
14930352
1346269
2
34
196418
1
28657
75025
34
13
8
89
55
89
1346269
13
17711
5702887
514229
832040
46368
5
9227465
24157817
1
13
1597
144
514229
75025
102334155
196418
3
2584
4181
63245986
2
55
17711
