301434
301434
301434
301461
301461
301461
301536
301536
301536
301673
301673
301673
302031
302031
302031
302407
302407
302407
302548
302548
302548
302587
302587
302587
302883
302883
302883
303619
303619
303697
303699
303832
303882
304250
304250
304250
304303
304303
304325
304325
304325
304428
304690
304690
304690
304784
304784
304888
304888
304888
304996
305220
305220
305220
305290
305290
305404
305501
305501
305801
305801
305882
305882
305882
305964
306182
306194
306406
306568
306592
306592
306627
306627
306627
306657
306657
306776
306995
306995
306995
307211
307211
307323
307323
307323
307323
307389
307389
307389
307397
307397
307428
307428
307542
307542
307584
307584
307822
308022
308050
308096
308096
308227
308229
308252
308304
308304
308409
308493
308495
308609
308621
308630
308630
308669
308669
308930
308935
309098
309098
309124
309124
309124
309145
309345
309350
309365
309365
309372
309372
309503
309957
309962
310108
310117
310143
310143
310166
310166
310178
310178
310204
310303
310431
310518
310731
310798
310798
310850
310850
310850
310876
310918
310953
310989
310996
311037
311058
311171
311653
311767
311812
311861
311910
311947
311954
311977
311986
311986
311988
312049
312191
312204
312232
312236
312236
312305
312331
312340
312531
312603
312840
312933
313013
313022
313246
313310
313310
313427
313592
313680
313738
313738
313747
313807
314218
314516
314516
314751
315161
315278
315384
316639
317033
317326
317326
317449
318127
318508
