300000
300000
300000
301332
301332
301332
302180
302180
302322
302322
302322
302421
302421
302421
302565
302565
302949
302949
302949
303118
303118
303118
303302
303302
303398
303417
303417
303796
303826
303924
303924
304055
304055
304055
304067
304067
304254
304254
304254
304339
304339
304339
304420
304420
304527
304527
304684
304684
304684
304798
304950
304956
304956
304956
305048
305048
305048
305278
305278
305325
305372
305388
305388
305399
305399
305431
305448
305571
305571
305597
305597
305597
305655
305655
305682
305745
305745
305772
305814
