300000
300000
300000
300746
300746
300962
300962
300962
301012
301012
301012
301602
301602
301602
301695
301695
301695
301908
301928
301928
301928
302026
302026
302026
302065
302065
302271
302271
302271
302294
302294
302294
302310
302310
302310
302585
302592
302592
302592
302729
302729
302729
302968
302968
302968
303052
303052
303052
303055
303055
303146
303204
303204
303204
303278
303278
303468
303468
303468
303781
303781
303789
303789
303789
303936
303958
303958
303958
304170
304170
304352
304352
304352
304368
304368
304504
304626
304794
304794
304794
304848
304889
304889
304889
304906
304906
304942
304942
304942
305069
305069
305069
305167
305172
305172
305215
305215
305299
305430
305506
305506
305517
305584
305584
305584
305655
305655
305655
305680
305680
305680
305693
305724
305754
305766
305766
305780
305780
305881
305881
305910
306017
306017
306017
306102
306200
306200
306200
