46469
68849
64393
69175
64607
37571
27258
49583
65769
22160
59321
26874
50205
40479
32898
46426
43900
28380
44187
62122
71336
36094
33495
60528
52348
58343
42958
45641
61906
70776
66875
36601
52928
21795
65800
55074
57003
66595
42846
58976
28092
34706
16800
54206
60569
59939
25549
32544
54822
26042
55146
51132
35550
47565
42272
42859
44615
41894
63389
28091
62597
36770
69141
68936
26727
44165
60746
59901
26921
62399
39357
41130
74543
41109
37653
46358
50987
42909
71112
71009
40905
56965
50284
68015
59694
57308
36484
40023
41466
66278
45339
23892
69290
65183
56804
64564
58582
73611
58695
50332
50010
46426
36139
36086
64508
44075
59138
67996
46701
57101
35156
64845
37031
61387
68151
23688
29141
60875
47830
16415
44336
70398
17657
70902
27182
20551
44855
34158
63144
30490
45497
42121
47592
71988
45823
67303
45367
38239
42608
41023
46363
61319
37116
33441
64983
45257
63759
59054
64024
72461
60342
58971
67961
63275
61143
59682
27343
59150
41670
42836
65884
49301
61988
24491
54656
52238
17187
37329
48156
71825
48770
68042
35953
29526
66479
55647
35538
30424
37255
59309
43523
42396
45154
42693
62486
67443
53131
22689
68388
17303
32423
64483
47793
48081
46832
68181
66234
36818
71371
59823
27678
56305
33837
41770
57662
58585
70388
56379
38532
43110
67208
52087
43735
38832
25276
32590
53015
65834
40136
41617
45574
74543
60361
50401
55892
45555
46631
47275
47530
47537
66977
63292
59741
57119
52460
61355
53193
63283
44693
65631
41703
45390
59674
41322
34706
52628
49048
44671
42755
37317
59862
73445
71869
46404
28233
35559
57267
58583
39010
62055
65992
54595
36916
52263
68228
17377
43048
57334
49361
38396
54234
23661
33933
41063
26052
73207
61460
59463
44006
41251
51607
69100
61389
66893
56236
36430
46919
68830
32951
37337
27812
25922
62422
37000
28354
58542
24073
34299
64998
58347
37164
59389
22744
74436
51764
45042
38839
22466
62565
26564
46106
47020
68294
23341
52609
60433
66870
39788
26168
59678
49760
69356
47573
51354
45003
37273
27766
43905
36217
63651
46325
58981
50346
25315
43254
61049
43183
41638
42796
57025
56716
39055
56839
38639
43806
49782
46488
66262
41257
43227
43271
40610
41311
55280
39127
21655
50619
48177
49893
51177
62539
67234
66934
54994
46163
36371
42954
27528
42588
39892
39554
61890
42318
57763
62339
66697
68958
73462
56277
46791
30864
41491
37846
25611
63146
24930
63759
35770
52957
46336
26461
54909
47837
53722
44485
43761
54087
65991
42024
63010
68613
25120
45056
56153
50894
52892
