50016
53528
58497
57510
60673
27719
47805
63316
48994
42347
50300
54217
62404
18163
38419
61480
47550
46149
58604
44509
44759
47887
16670
49706
70676
72703
46003
59249
46303
50697
62436
46515
66880
52677
59292
53703
46883
46850
23243
65126
42933
52454
38286
22665
61860
45674
63058
43967
45404
59420
53345
65855
58249
45322
59369
46197
47912
60508
59514
44053
42759
43904
48224
60461
46400
52364
51537
63436
55924
54414
45843
51970
42377
52992
44251
55954
56236
56049
53212
48943
42607
54279
60876
44148
67513
52095
40426
49941
51855
49201
44857
53375
59072
63794
45272
47833
43014
53886
56606
41755
39126
42065
19918
48848
48309
52708
61056
36323
68291
72602
52617
23868
56415
46823
44987
42659
52452
54022
52322
62032
52562
43087
46125
55327
61700
43311
41040
65012
54051
45364
64686
64661
46676
44766
41431
42731
55763
52266
50391
49157
42546
51695
43721
56558
56097
45126
32840
52432
55925
25511
49956
56564
55458
42345
68411
44630
58006
48703
50360
43054
56471
53811
42498
42649
65233
45384
46061
65330
49187
22411
53880
72357
18476
57245
41636
71791
23810
47046
51366
56223
49423
54626
72843
55728
43083
58222
41013
51219
23020
49956
47965
51090
23458
48920
55372
68689
49589
60938
24657
58492
49140
25355
50587
50320
68945
48480
21798
25954
52714
54016
56250
53886
36303
51010
47301
69765
45080
56672
64197
64775
38408
54786
57255
59781
36164
51351
63029
22860
57080
61863
49682
53094
51817
44862
73198
51814
44401
42892
61431
50587
48114
44732
72183
51918
59071
54465
40078
59189
42261
60964
60690
62046
47968
64634
21249
59029
65542
38585
47216
61481
53516
47233
67325
44508
67585
54230
52616
29933
54205
51613
63911
57825
52376
56388
61975
68294
57792
68941
59056
43254
54235
22331
45864
67755
52354
40229
53933
67732
66512
57867
34486
50839
45582
47475
48564
53809
58020
65338
49146
73304
51479
44437
47305
50128
73304
57482
53623
22683
52780
44555
64649
56540
54507
51944
56697
47725
48779
48435
48915
46600
59093
53136
57903
53071
52050
41700
60142
49262
61586
65198
74387
48899
46292
49730
51196
22837
55847
46618
59120
64684
55461
63478
46359
53246
21938
50702
67150
42244
44926
43958
54797
67766
52986
60084
61969
50233
65634
73900
51081
48829
43363
51230
56565
64579
42743
65654
69200
58149
46592
66973
44796
49609
61652
51037
54273
61905
63496
40094
47144
42445
48129
51994
68885
53437
52256
71222
47511
54525
57400
42118
49565
51404
50464
54916
60085
43485
52510
25173
50057
59745
74751
67229
55857
52396
44418
50840
49262
69951
39563
46048
46289
49575
25730
44401
62567
37585
46146
54828
45257
57473
38411
69609
41634
66426
67565
57048
38109
43449
62168
47785
72440
58966
40998
54264
49040
74869
49587
47772
51310
51334
52032
40164
55886
57359
51125
44991
41382
60660
40755
39858
58752
48165
43853
51515
70612
39734
53515
63133
51390
43469
44711
52181
71348
50981
46234
50411
69122
56270
50671
49828
55944
53142
51794
48526
40378
68298
25834
52819
42695
50499
42051
61539
65875
40469
57928
46509
22765
51488
44623
61481
64254
53777
27318
52088
62146
63825
63431
51951
43905
40624
28275
47644
55896
68373
59687
69630
50498
52159
48482
54611
48571
46263
53393
65280
60806
53154
44827
44596
58107
52099
54086
48109
40431
57749
59480
54882
55325
49116
21217
50720
51691
42765
52140
45875
46724
49730
48935
48510
65521
57276
41908
50521
56418
61470
20494
19374
48246
56565
52655
60976
71569
44488
63318
60254
57146
60270
48123
40016
48705
56405
41189
62870
47744
49328
64476
77108
57257
54093
59102
41319
72436
49862
61260
56006
19139
55935
51551
51333
64439
50778
54215
45963
68145
45046
50389
60415
66101
41969
46275
62067
47839
51861
55712
50178
56992
44070
25360
57852
64107
52419
60971
50147
56877
50010
67998
27286
46363
52814
58440
43354
61351
56646
70367
44877
45195
42840
48572
58988
65043
51349
59632
46945
62169
59888
59037
54843
55262
51316
58161
66059
47551
39143
54151
47997
42712
51063
46595
52134
41404
50711
48548
52482
64339
63773
55565
54515
42965
49928
53854
63582
61481
51915
63413
47149
40125
53145
20688
60496
52955
53958
56772
41302
42344
77108
58357
53399
49087
62622
63704
51175
51564
54702
56033
45995
53598
48261
51075
45408
49746
53159
52541
25871
49485
51066
47500
65455
48725
52006
53372
62194
58558
61485
41175
41514
47924
45803
45772
53272
40892
44882
45451
52567
60315
52220
49764
27264
50835
60373
37281
52942
49704
61993
70533
44875
62360
67681
45040
50773
54527
52318
47298
54178
44536
54964
42780
62199
44593
55142
61805
54620
47153
52269
64567
47741
23044
49156
49192
74310
54700
52661
59464
49428
43577
66529
50134
58916
54661
63379
52234
19226
52813
47852
42833
