432311
475172
555432
600272
655112
505082
634736
611794
452988
445759
429048
448307
671876
598304
564848
592087
518596
515681
665546
590121
594375
458775
690726
644007
594284
472303
494761
589814
483457
672663
577528
418926
659558
651475
715862
634795
629585
475710
556894
676710
650183
628688
521842
546276
591069
670981
651962
676850
617532
448924
588236
550966
575711
638918
606306
677141
652545
487335
483505
578488
568163
591451
466733
410191
552579
584632
476017
549444
510014
582015
467603
428793
476700
519089
611725
582852
628678
531821
691490
639306
579349
639052
608243
685895
616162
656537
552861
496927
637557
478275
472374
583641
526690
426985
554977
550010
639239
553309
565684
578819
658481
729127
520659
588483
576778
425613
585384
576483
548669
587783
712022
528753
535808
541578
548201
456208
431887
461182
471270
711059
537628
564685
542967
446094
453070
618127
685787
537631
650680
420962
721265
452904
614286
597883
612607
453027
637991
487609
494430
623389
420521
571896
448081
525913
632656
464551
425223
611473
594786
443086
522257
566232
415393
511078
608108
587623
453214
587444
697056
533382
426690
634709
641019
549993
707409
493526
544074
514921
442937
666690
675669
466864
427409
690168
544740
495302
557909
549264
639470
604674
435148
593606
646581
693169
473001
644606
561577
511775
728575
562711
639587
551450
418766
649712
586174
425185
611769
508956
562112
601279
507991
396795
419820
541994
620428
728220
672415
695151
513372
593999
555147
570263
596568
580411
461635
646264
616859
419520
541920
424530
655949
628897
604678
577536
404309
620530
685617
662691
538717
594038
676204
474279
543564
414790
637421
539621
533609
410027
486711
560688
529201
605835
495429
612535
529496
660318
660492
571306
544531
439955
455214
621007
435227
695955
677477
643251
609200
627239
417638
573375
647576
685329
467629
481635
580715
429960
647395
471880
414289
417939
448911
395904
589813
673311
633474
520919
444885
599578
488637
541145
558770
675040
402422
602530
454843
458145
520254
538063
604291
376915
636727
501558
737140
540975
719417
605121
600318
404947
517588
631145
569120
468942
642906
635421
427737
521119
578304
561835
584302
437591
528680
556166
479589
585779
562543
561543
653822
554403
541380
446958
412742
600460
464756
681341
580625
429621
633333
541823
551600
671828
452355
463182
529538
462959
516330
466516
510559
462463
462737
409896
389193
575683
585877
529719
671139
584725
586500
739600
608441
516585
560794
536282
633797
563415
431739
702727
572021
517357
539788
623875
411088
473481
687168
416393
628491
439424
458107
586227
622835
590300
527135
557261
488487
555961
559555
639560
687235
582068
532249
653337
698020
516418
556043
491032
619408
642550
626446
569555
562305
461041
631195
491606
540159
474524
458445
591015
683672
647537
558473
555504
516684
556596
406877
643559
655849
420322
636855
589515
652793
488038
648066
655779
471510
392130
470572
559592
470501
646308
600387
459031
616172
494777
519807
657133
522719
464258
480551
552113
669478
726722
516470
547962
472114
404141
606676
655683
574746
459751
523485
596446
687702
735187
621023
595060
494171
631961
662851
592714
577236
451105
483233
559826
678837
390809
507838
450476
524986
483442
618305
543095
505892
656475
507554
563986
579205
419308
699440
608330
727369
495779
524398
634458
701531
585238
549007
544719
715724
685054
625546
621882
420281
531706
611460
651657
543705
586973
666110
463631
633261
598956
422654
459278
544006
589119
631111
425128
629104
683036
597017
612967
642697
627906
650219
468788
696469
725974
643187
472015
627036
520975
541798
619736
424679
458617
422302
518487
637820
612023
573536
651054
442868
725119
708529
555154
572000
565528
471089
556915
425658
469493
624303
657768
552858
485377
549912
555763
548292
606759
581122
474723
709489
522510
647208
664361
658384
475286
476386
511167
646713
607939
531084
483478
584229
510635
592273
581813
630539
635950
486562
661740
515056
442459
561692
680384
524002
581263
646060
582945
519187
471141
693168
422143
505734
558126
445040
450484
632930
401177
619761
637027
509469
531614
403972
479240
580934
586974
562393
620119
687389
651903
491520
624271
460490
587198
690014
479995
629797
544568
468485
480775
546254
486737
591416
447974
632902
452868
601075
561898
478650
631331
595682
709375
510557
692129
700158
544903
574726
602695
533172
575832
672187
560023
431620
552830
578291
604213
645914
514000
661354
625792
453384
581427
581212
573960
478799
540037
662341
440674
695693
443655
624675
554346
601491
429434
417437
479293
503039
558234
403740
641413
657108
506163
490011
541474
646815
620366
429989
656980
536624
696241
509016
479373
501990
541332
617153
463872
423246
443227
538128
476255
429173
699388
591339
577835
633204
601078
549739
424653
470587
549410
509495
593661
647885
404944
448462
492459
688543
515333
588664
597561
492393
405442
471928
619790
599278
424644
431832
518097
676763
618539
574614
568103
584374
480776
605916
475890
460271
569828
515850
554685
676530
601111
512551
506288
516716
640966
574306
590381
444776
588332
400104
616833
447976
645101
543978
633638
551305
603088
638024
485014
504428
486631
518980
505831
610164
560018
534496
608113
610166
463081
632931
424127
510057
464167
559206
527568
555642
434654
612114
545923
624227
646110
474122
592781
695548
643859
450338
737306
457072
449287
472408
644280
656298
497589
625481
434108
614367
556460
624836
620455
532650
582492
500031
491526
668212
489295
561948
609111
541440
461396
598137
481185
617873
548346
655624
442253
570399
672158
610498
644631
579066
625186
527804
479355
633128
513971
469609
515020
421183
561131
508910
581242
603019
454785
637599
451773
591524
526890
670555
482178
581156
553250
605342
434432
560673
573618
681421
687061
462169
402834
552981
599066
444633
579572
443815
485403
626166
667578
504383
655626
572114
539174
380593
543955
591975
447999
600208
673185
416839
671524
625530
521124
479307
586365
646973
560050
598327
508651
484094
559934
713826
461328
555814
638297
631505
482793
600152
597555
653891
621626
723804
621784
722898
580839
618116
544292
608083
593969
645389
667561
555093
598335
686519
528918
637804
578891
610726
513223
642802
612264
580267
471081
550296
546085
519779
587491
440724
635376
588756
605775
478712
508434
668082
438917
411389
657328
654078
396008
645926
466707
646152
542024
488195
442914
542788
567781
547684
466480
499870
583967
673994
441597
557982
680077
545293
680031
614529
553394
594566
550772
624526
636711
597824
707343
678619
403361
618606
511189
600107
724550
626618
699444
686254
669994
728182
474978
680840
611604
538481
658896
624609
446646
697471
503087
594565
690309
618697
516980
471110
433040
560171
499225
392719
668521
384526
724026
639249
430435
384772
576532
642720
629147
573571
625613
544963
732138
702284
484812
668033
489933
466301
572398
679527
564352
627011
424069
578279
556644
451083
643918
469962
584082
655232
589540
674843
394829
509542
392384
632336
492823
420347
420571
593958
509163
638832
602477
587583
593548
544051
444042
384471
504285
523935
546702
462972
657472
426153
713736
598678
452768
474197
506061
473857
577597
515851
467647
681976
542854
552558
467500
461725
551130
578679
483564
590299
559419
656177
611081
559684
572047
588756
510950
632193
563538
643451
663878
559787
714989
674371
562176
687673
497719
388362
422458
584650
619672
651537
522416
611902
619779
683465
631531
633361
441456
628500
624141
406475
437801
645817
678894
562268
590124
620005
455840
589443
710997
381203
556997
719190
645093
422210
430295
470480
541728
682242
611581
607328
454136
544854
578525
613797
659441
373889
572838
482525
589100
635725
596659
523463
454616
541978
558573
586871
632755
464912
495363
619885
438054
682037
725115
652219
654602
470801
429939
650400
431185
580182
657568
461427
733259
544509
689121
582969
555521
628773
582614
593438
679600
470525
601101
630816
469308
624620
503289
599283
517278
469560
500745
432039
575254
559136
681659
497170
579852
426745
506020
607107
423365
577750
677011
594693
489855
523536
636515
621008
673182
421824
443706
474212
429860
420648
465655
592723
548736
591416
523482
647590
563546
526847
663875
457319
593741
380962
573004
428518
596952
554832
468143
563713
587184
537357
559100
608228
716546
475134
600910
620175
484377
572052
589921
404006
521102
616046
666487
434556
638727
567180
550022
580679
672927
452999
474705
510167
510017
473045
494410
623198
611085
558201
517563
515658
603372
528746
591550
515741
632527
398475
523804
602884
443269
510472
460497
435210
586405
513421
621750
634877
639191
584271
520092
616644
518765
394199
624726
531030
431452
513624
564256
646472
650415
464921
487378
657942
552860
416113
524509
473717
624677
610469
596115
475864
510090
575975
418938
431438
666547
541289
553675
670937
568078
586987
422944
423113
434202
563523
621827
580776
527817
620118
569802
719841
585970
682341
639199
558792
414745
548081
426607
590893
658409
622841
693194
718718
553483
703640
589552
613278
501698
510989
451784
635733
594461
659834
540730
579194
417160
580274
601865
555933
508937
672757
584100
677595
590423
564842
621993
686648
574617
402705
627034
511710
421355
690240
627279
585647
475174
508072
427855
505638
508741
416008
677030
692448
691417
610871
651416
661428
501978
649422
632076
413713
683049
576130
649735
488245
609931
607984
630078
620758
420221
669963
612868
474739
448701
700536
453701
448985
546686
516982
596924
517570
454781
486100
663710
584407
619287
538078
573997
544976
559098
539314
617467
573263
550080
686734
529275
631878
501556
503953
618520
730411
617684
523790
422688
641562
725500
640149
455747
589941
543522
579789
449652
561702
419617
471760
621184
584226
685099
577187
470755
563961
401424
604230
525733
650130
725293
625811
725106
648192
396133
544961
488205
561707
635180
534499
469955
421400
538151
726720
477739
553087
460482
504612
552822
565549
394809
538864
595970
381380
581789
602158
604558
614383
661799
449835
688040
439642
418780
599928
547838
609114
605589
432468
607881
548700
563084
439289
554369
598290
670954
510783
632580
560328
455395
453698
445092
542103
528573
589971
551710
472119
639963
589487
691181
462540
576755
488598
484357
502471
427959
487792
665199
635140
497968
685968
654931
467755
563558
556207
548849
541748
505767
637183
595861
390077
604167
559997
552680
540909
690557
670668
473020
617923
608017
535236
558254
392193
459650
619194
551754
627237
667585
650006
620215
432105
512523
467072
495423
551604
434825
637904
437033
593059
607016
499005
629481
580711
631497
555357
593735
635503
582964
538372
551537
594607
659948
414885
625225
614730
420311
392140
674716
634450
467601
633624
554500
623971
399807
432187
486144
516457
681981
618972
512196
680068
610087
561730
724741
586423
658311
571727
470142
479475
417408
499465
408002
474827
494526
567569
734386
539778
582306
636257
723087
576978
526007
377613
725551
515055
605747
473487
533986
660446
692660
509999
435495
422291
621373
624579
486048
608832
679782
623171
464523
597558
471995
629680
642746
698198
600466
579196
725260
474310
483008
670043
645231
720092
513147
399098
671971
592291
635501
429059
664587
427923
595631
550191
583905
421459
592614
523796
562142
604032
586612
663083
592675
433418
429556
590570
449874
602124
727291
456875
474543
458615
614166
609967
652955
587630
614727
454604
703435
419751
542864
648420
645505
541549
513850
659746
580571
622226
563255
528621
448696
558209
498993
496992
527548
597216
489906
430943
551945
559604
455778
607233
544058
618321
477204
460272
576089
453064
425309
461279
445987
510184
445555
473644
581936
610472
654944
555433
547689
682589
457767
612395
473347
376611
683922
398002
666028
647481
542192
657074
516785
425447
567612
711593
618405
651480
488115
588921
371541
436194
616748
516608
558238
500542
537429
572245
540013
544443
562867
645832
516833
539591
602051
565455
578499
668149
660654
513074
624826
483994
513605
408162
680220
553060
446888
632404
517602
458575
528292
608223
635644
466949
609600
540685
552641
693927
531247
622796
565534
597237
518493
558955
579477
554280
407254
574227
593320
550103
634451
441074
722330
421171
635093
433108
559779
606655
554120
619289
598594
448712
498759
553054
592984
651966
693757
628700
425622
676479
656865
504539
576229
507407
654664
600917
588002
637947
483021
606850
412018
678717
560428
577412
452049
540421
560902
501238
432114
634479
693547
606155
539354
658622
537664
567018
502900
665004
551990
491803
653640
702882
684963
475798
666484
548724
672050
657437
454685
429792
480528
547919
421136
664149
482156
463974
630342
633455
600769
620472
520996
641681
420792
603747
612979
554754
509469
492138
455161
552397
520426
725959
724341
640881
539129
654561
416200
556957
611541
416529
590046
650520
648290
530569
407855
554190
624614
429232
627137
475704
663283
715549
450582
478481
687454
463163
625295
541117
407398
545660
580654
428128
579248
446040
613757
655431
546306
461202
449510
728054
543473
478460
575298
580836
696573
558776
601129
653354
524725
407679
610743
450570
416528
715340
663816
601714
634472
716187
422862
639938
524207
528193
485787
669056
458205
543659
688652
419182
626611
650709
545595
671076
510672
425256
619065
472892
637996
679414
647481
473990
465229
669383
491211
561436
430552
423872
524935
444744
483568
645013
486715
448699
600547
445972
506555
577564
636061
567419
652383
587621
528679
525388
589014
590975
578595
639697
610913
636747
573433
608988
688269
616260
611018
460058
546899
471232
507002
597834
586269
422709
724542
531721
603054
571799
585650
492589
681467
647157
623378
595262
444176
562005
528454
446528
500944
656569
546456
416404
585151
449063
556433
460142
580770
551210
591500
548537
460392
415587
557317
514805
585238
552380
536877
660436
467629
659073
391968
504056
456969
573131
577511
561398
651914
700515
683734
579748
492804
633667
665769
472685
418484
616515
515120
618544
679919
593495
423556
573169
410327
679040
479603
521266
463890
479341
516880
604765
623676
629581
557674
448672
507733
428957
519160
674792
565610
654670
514247
473986
604447
456206
534128
643490
502382
689299
417283
390571
561350
597344
529938
498798
678064
662318
627763
595734
647046
472249
408132
433781
482947
498296
691743
396893
418632
473468
557246
629030
424742
471424
511903
674791
685099
423781
604906
622952
618635
524963
538287
459811
677252
596512
639426
587430
663700
451621
452052
538160
656648
508546
656030
457826
597075
544403
413824
660675
603095
388983
443974
547424
730187
567723
440480
507374
638852
479546
484776
476932
654399
595073
562525
563331
584615
621581
556113
609371
516658
683116
396121
460887
478652
620519
712275
515666
524885
491651
624093
652117
465631
429622
666471
659842
505919
518110
425053
519447
559700
539089
580872
526680
563934
518968
413929
475230
733158
608433
647299
594227
581761
590672
521859
501099
633196
567400
662860
602203
558223
423341
622447
558955
511802
449247
385183
474684
730738
426506
385873
649949
632798
406129
660207
637231
563202
638886
651312
570164
602095
589659
691847
567944
472105
557977
560774
474446
604013
538400
656838
527389
663804
624633
663910
610940
626234
526221
586485
448108
712609
457041
613958
588125
590083
546878
511914
465724
541326
514058
656942
506782
470285
530024
586217
611633
689988
425541
613156
587052
414343
578426
523907
602292
728265
524671
449013
423622
557717
515361
472315
556835
536489
449944
521640
728578
684842
431194
423710
526663
420087
617905
530144
426504
422896
545048
614487
463848
524477
562397
539998
503705
597905
583621
708192
522107
550036
629795
599244
452846
600389
652724
639452
624380
672475
608125
561795
615025
507102
453478
619779
548699
420131
649627
557764
521722
559962
528866
465645
681441
661364
613861
548791
423050
606292
524262
506243
683318
481056
545097
475559
617292
587393
641404
509173
492363
538919
450025
394502
459148
665243
651907
632031
503433
731291
667968
597553
684711
591063
444258
418868
617258
523585
511927
710973
473178
434235
689746
459584
692360
545856
498990
576626
395622
607687
608283
489617
570466
573512
539401
576359
593732
596338
608781
634626
606963
388696
541495
706427
486275
566182
408437
424843
497623
691201
462736
627225
679900
580218
468640
661806
624654
648095
625848
664736
619548
658906
570318
623897
433204
644759
474879
668983
587956
627572
494416
609368
423293
713484
411909
612754
426434
482989
680993
500104
542517
550385
638020
701648
589815
555053
669547
714901
538944
740540
582294
532981
425408
683857
589655
609073
632287
626135
525293
659001
460568
582549
474457
499696
598256
440342
681404
659585
529888
738760
489218
627906
636654
533899
609318
454609
629905
574457
471045
440338
603710
485285
668199
681652
654837
473235
430138
438970
474905
651631
597105
481280
661151
572783
648121
668936
676967
634978
551826
393607
456596
603402
539847
654003
637351
448940
465981
408985
409906
520449
636278
568271
560160
619290
682500
620048
608216
485394
476760
577419
462080
648098
646722
526072
573921
681607
585975
585835
430691
571021
570755
649428
455169
421662
553848
562291
659873
616336
558718
663601
587489
619995
518515
656175
678098
664209
489227
455200
649628
426096
628382
585990
661509
531187
626219
567696
541614
674416
677109
684893
581069
450876
617211
403204
618110
585841
546510
557884
602199
577058
640865
552681
533130
638221
485346
608394
622204
444953
672464
476531
488970
402306
657800
444588
546959
479008
624735
664918
459747
529977
550796
503720
553012
579546
408623
711467
408091
541873
680096
601013
520337
589421
609495
534212
575220
556505
411757
676402
604476
511708
547429
603569
515730
446899
485561
430265
674399
638371
686899
637214
609609
460688
608037
442753
681029
547314
561898
646854
540814
434938
452084
497407
624989
477550
477108
461567
675922
431686
586146
628732
724497
418460
529694
591000
568412
660841
397619
700135
522265
533023
588166
611976
674512
482436
442493
617673
507551
638470
544007
489737
628491
409419
609475
581895
561212
649121
564457
571387
468174
454555
537004
479925
499777
468814
550799
456947
610990
597294
471329
479859
516726
655700
637181
583255
615322
682753
453822
693030
622186
596917
511647
550425
728889
700650
652844
561641
687255
625440
607065
630706
427938
426300
617837
657339
649715
473601
508089
419008
677858
497478
557195
613643
421725
502972
502869
655054
645631
592281
564120
520433
655525
665972
417599
637313
685011
553687
417703
672556
692703
528802
492546
581476
547441
496179
442331
555660
616386
554721
630831
393609
735745
585283
476384
654395
498633
664057
604779
592215
566816
622281
380942
541218
518390
469834
509963
619886
409585
587128
629409
598635
725102
651789
524177
649262
643578
693903
417782
657502
559123
491331
558194
710684
624550
553871
697844
710792
664086
665701
615165
520792
468917
674286
612287
609441
631801
679186
591764
641922
610362
627406
556550
431569
495837
608848
414321
547432
534018
466376
478758
622862
605110
639951
611359
542612
618940
604097
498307
551107
590758
505280
628938
445331
483826
629758
667590
582537
576764
430376
432230
598725
556837
632418
557796
624030
585715
552121
425399
641118
643825
388577
546593
628300
601594
610931
608069
529077
572743
574270
451990
602674
648703
556130
577932
519071
572199
472076
586276
715342
477132
618638
394071
482282
476394
480047
563291
506584
374434
488836
588569
682712
520330
613000
569352
680535
596807
441139
678112
547349
503099
485491
423389
461425
517305
552144
655416
420977
565277
418651
433223
718297
530563
587017
684012
560202
634102
532022
440878
682369
428997
643175
617083
594102
498121
578603
519684
687889
558282
584569
551286
605208
709027
726167
385657
615625
547438
485662
426904
559597
560396
477537
689525
427294
567508
507698
506944
586719
548550
579217
442965
651201
668214
566983
511676
639614
543279
655031
611755
629878
703439
634176
550358
431797
613499
445512
578969
418551
606033
701726
619804
582047
635714
550321
403658
458681
620337
558469
423200
617871
441703
539798
612693
679953
633278
397247
614380
497146
620301
538116
617718
657493
507938
509605
538310
671881
633504
446824
617689
575289
496429
576771
543935
559020
532532
572330
447330
460756
630249
636575
644461
590936
626876
662882
565086
470006
454245
599664
468011
628395
429689
422002
530881
669817
638374
627681
642951
581488
611823
561532
547815
593071
556302
578858
574954
597124
577760
724417
555477
536393
657205
457560
519960
460154
516299
581681
507222
586019
658232
547751
557317
649573
625670
613892
655731
654598
602625
692362
517134
506925
570651
461160
644265
678105
569324
644452
525043
620886
533103
650639
446227
623307
550192
570233
607057
538966
442435
414822
568041
519401
530436
432724
561127
616807
430155
684975
428387
628479
533378
471599
605024
714757
543199
531157
466315
638524
427924
503121
430107
590861
718295
554370
565312
537060
519372
452900
551201
460572
622723
648575
546235
631689
430201
462328
497559
553077
434780
677720
449299
597898
591851
602831
655123
390284
450810
545991
569115
719636
553820
603942
508613
658747
660162
586464
612873
696640
451463
641824
608924
473837
671064
656926
581613
634229
546575
618531
654255
628147
594218
546691
598956
402241
694679
582209
445050
642883
546776
668850
617832
475013
595144
614758
647808
632853
562909
585644
678268
519656
583360
608949
617730
465703
581809
436706
470092
729901
482356
525533
658182
615889
448744
725982
655042
406982
577712
519639
443551
571906
681179
598384
530355
470170
418904
544640
519918
641731
504150
542420
428737
722038
537827
479774
445821
572977
475144
637847
520777
638633
584790
536751
657414
677249
678339
461268
622433
583574
440921
566465
635245
552763
667685
413661
735327
606251
409444
475229
425876
518360
443253
449538
591740
501223
560013
629756
460799
445490
392070
572374
517818
665711
584431
426604
620723
656814
464524
464190
608665
694416
420000
687516
646709
648782
573681
589562
449820
399604
521564
421958
642167
527803
576273
728460
589221
591240
611051
524708
637161
652370
470538
623079
576413
550440
552647
572677
461991
514981
660815
557530
603608
535626
627542
642786
523575
515020
660081
464929
454588
398178
488598
684863
644490
654065
702794
600565
549999
490539
552194
641049
491960
525987
561091
599042
578954
639665
569597
527994
481095
486076
567595
588961
431376
556996
396890
686989
611969
443587
415144
616744
625245
540644
482374
584212
434125
653877
513239
555512
424287
629978
567840
522236
599666
597086
471151
540255
412489
642799
638290
679568
587296
630648
640893
634916
399813
489252
715959
540697
404573
386003
543991
573483
626522
630498
506684
643482
616281
465150
632406
587483
611945
548982
672549
548447
595654
729408
480988
523445
598401
506554
419504
592582
468762
660275
650463
586595
423521
599287
505362
632527
635133
604915
636757
547326
453645
535810
680933
525941
465650
688142
439128
613025
587650
691358
611408
569089
547566
737295
499289
610877
641638
622697
429241
541753
595124
682518
589005
454584
557240
660824
677851
519614
623013
546190
570669
589568
558949
542271
582561
582759
651437
630749
530912
624616
408106
656454
707679
554751
565783
466281
588816
549169
653667
678882
443554
606074
418066
723014
670526
428590
588570
628712
485649
547448
667581
607921
540001
500726
492455
444384
570910
733325
524187
630161
629575
698508
553920
580857
569501
559205
525509
617820
592533
550632
606705
588118
515538
550260
431915
412754
415784
462655
407303
459238
645309
463849
625677
616370
641311
623376
693942
584473
455899
622427
562007
609749
422729
402895
656001
615681
689624
667357
546571
626747
563069
506145
594307
631261
581028
424426
668865
528674
394458
447170
414038
572489
571213
619074
428642
492388
463107
581373
683774
666435
602661
594891
612955
478410
479699
479276
546805
666084
647515
575095
684991
539999
572621
727369
637992
660410
463737
531369
522219
680125
548812
426430
647456
447483
615819
557881
667602
621941
728275
550528
455515
494061
700394
580683
538952
424739
589026
433956
509583
683388
587486
690970
683910
609652
581168
544906
465702
428066
402380
409579
426382
531592
696994
541150
591608
514392
619791
628716
634874
635715
619764
448199
489089
537613
687938
598187
633850
553296
575169
680547
612578
690124
517172
659601
626768
468848
550651
588521
530911
487856
484921
557803
608708
451538
550258
640698
459743
653689
391161
550872
626707
426637
504482
533759
540707
580149
533437
580875
416613
587778
616623
589165
550923
648991
671720
640371
437024
396646
604825
460817
458483
512886
567239
594570
554034
466299
416936
456308
654210
618100
431801
426632
635494
546733
620402
673954
393109
589086
622308
632884
600838
564442
579133
416261
443474
588356
511142
615932
632627
561952
555334
644532
681185
682451
684741
445204
591143
555620
472105
636560
484814
454474
566055
644947
613899
450542
660824
602355
385595
567495
564390
497018
548634
634231
578141
467434
454147
581628
476226
542250
430069
430864
419282
572971
611795
622716
432222
555652
426511
566634
519449
579902
624398
655066
711450
664811
685358
666517
546184
638016
578126
629363
381867
516847
558757
471859
590215
725837
727139
554886
538683
417796
609498
376383
497331
543250
589512
636139
549067
561055
516817
613620
453661
709255
496699
533589
523665
617229
543333
442186
607622
609359
446571
632234
565103
481797
551195
561034
480357
669593
503806
422773
587788
697134
674326
656712
552852
545608
618317
673485
654776
443346
687422
514111
626626
597568
421140
535971
475310
523135
600557
590118
582479
417684
559055
636841
490644
473134
625661
552217
460620
436829
469893
560761
602141
700236
627041
642103
511614
392535
520564
683285
590135
596724
384638
473783
392883
459672
584934
419429
684827
399779
711725
587885
696868
564615
545332
654120
636457
617728
573379
687495
631849
379947
643191
552544
584502
472087
585800
576055
605543
455366
584022
645079
638388
467578
666220
722732
603094
475096
579322
676544
563369
465405
605252
467987
472701
612449
578364
584181
447201
454372
427683
406523
490031
666450
558772
494392
540199
466150
571670
615463
638175
660764
722027
553837
437429
714661
391629
480686
665541
553492
535707
549941
631966
633182
598591
524048
663217
478714
562961
565573
472320
579283
400741
675505
381066
589577
607042
649959
589713
435021
655876
511695
468030
617841
655658
570004
569334
426208
492276
628230
622094
677398
466790
577745
637877
593360
635220
676754
602148
609581
431806
551458
619079
469637
677318
396970
633882
527020
423815
659060
554250
607107
583563
642900
437943
624051
438035
597729
662687
495027
698500
463428
652828
555666
477775
687031
680172
507873
618332
475198
556067
662431
621252
640755
480022
545280
445862
715487
627020
547285
557488
620582
495889
645498
662209
589907
541501
566065
524006
553654
525191
424133
583372
519687
551876
444772
518937
715734
694239
387609
576053
569786
580569
465466
691419
542820
456386
461223
624498
456113
593605
551577
660038
617062
563068
540653
604799
686842
657879
610545
566508
491608
662145
561249
621030
659147
548802
634080
685819
415484
430358
623111
633865
593331
605616
507845
728213
602555
666905
422001
546374
531390
626232
433932
580677
610487
566246
676617
557979
669911
657432
608684
689738
480111
583753
537050
543674
459093
657651
586170
633926
495258
552986
567457
447085
642641
686469
638943
544251
466801
631704
474337
721113
601756
553702
653759
605744
649664
617396
539312
498706
550034
524887
622750
575484
619783
561086
611244
491571
587118
634189
543125
558388
688085
680121
542933
395036
605512
427789
446377
634371
693363
650110
525793
421228
480414
585093
503532
651961
639013
547959
614924
611622
554589
401797
665867
539749
625686
504131
444669
520613
606946
652858
691089
724440
517976
616122
610375
594598
510557
717888
642422
587198
608571
656966
481280
654964
508085
549401
554631
453119
587287
611260
548372
618767
727073
456898
590809
459877
619928
393203
669355
438514
543605
581569
418867
632758
627238
433627
593415
429152
672572
627713
510404
677984
540829
589160
418892
585338
524770
582212
680716
445095
489684
602693
627124
513481
598186
456569
471365
429634
642387
574574
435567
522610
405604
484118
591624
638610
641064
521088
493757
415092
639444
584585
556960
580635
630699
558185
659630
456744
474745
426694
521069
605786
588701
649088
552997
401624
732672
558551
582621
665404
587961
625092
597617
614078
577765
553338
666787
583011
468332
597832
599526
587719
703230
722877
721532
458145
404016
474414
482466
389283
569139
573389
606788
696980
727464
554477
555301
591394
469442
640278
591448
533077
664272
708731
446976
405219
521815
407913
599549
422391
399561
625259
449870
661846
462799
589484
469331
479569
619966
532842
498957
515792
508992
401721
600139
427350
586411
472785
581409
554860
603836
593148
516463
637001
612232
630977
727730
589438
426967
470791
547243
625750
418371
466228
633120
699003
495722
529764
548331
592787
449325
656368
732043
415453
495036
578610
663361
682661
557335
541462
624552
534744
467833
489456
610954
626521
511630
615902
638432
509440
713937
492268
623664
538233
562020
420550
509726
420582
718176
612174
588650
462223
609214
551904
393252
455380
605453
627513
584395
511737
523004
453718
668498
549366
683055
548887
470429
539740
576601
652513
548337
618833
549795
549063
660117
492147
463022
601812
608658
492554
583588
492939
655584
600871
430605
556215
629532
672243
637397
410834
654580
389985
649247
591546
534827
551310
517385
723970
616641
670764
633518
528272
465764
524419
543415
487913
486599
462412
392422
670906
563397
421644
663907
560289
657842
404791
569119
555726
654934
514224
450583
626703
476527
441371
465674
561207
405853
451698
569744
440175
616688
612951
547361
594792
527370
588665
438846
525644
672761
466851
517248
640457
479149
440829
699819
596882
629791
482170
471193
678268
487686
570028
530858
686045
625773
629966
434573
511427
623130
539752
458174
559245
550539
463680
524261
406964
488736
671080
574255
633992
731105
487328
533520
524321
589920
416862
549457
636511
628747
642731
628784
443488
434216
548873
521464
504131
656124
461203
578150
617757
484046
481018
625355
514746
543116
421529
567660
447843
463180
724612
461357
638485
596956
725229
524626
632741
424480
572689
720151
594199
608320
622317
565911
714514
480762
654582
587720
381210
431926
432397
395711
507596
564110
552592
542074
634485
618909
595579
543139
648621
560227
561054
571482
557637
517006
518600
554563
418191
375687
595614
583252
609241
552058
421705
584176
460802
397755
584815
476042
635812
699794
608121
644022
606839
570339
636434
423968
585866
541494
653952
735929
458199
538205
674408
572226
662608
574598
592379
469044
515620
698329
629261
661645
543572
448308
433420
656084
582444
462824
470934
442869
587035
630187
472134
395740
453627
602894
421032
464074
455647
444177
474635
520557
629089
547424
529161
670445
537663
522477
569743
579065
552709
589871
645279
539321
552835
663369
436503
469785
589882
586150
520307
576540
475920
730541
535808
622019
545027
523599
663521
624493
476132
448616
421792
422125
636976
572653
564925
603843
579971
634464
644991
467829
621699
487714
585527
522244
661192
709734
662197
677849
471527
442165
646608
693771
594959
507515
538688
584352
571211
509529
681983
508450
574998
550606
434641
456572
425109
506574
460405
610354
474427
603876
517823
574345
525624
641058
518220
661668
440253
560091
636371
668569
542123
554902
678809
675201
425268
489152
574891
679675
550667
642117
652457
419998
398439
679563
421716
625148
647594
613645
634451
606617
549138
658606
432131
397991
540073
595156
498817
526091
728390
600877
574685
697166
413220
499612
393478
469119
507979
603398
465770
680796
617018
417740
652215
733366
665930
567314
495592
438707
446951
494669
441539
482623
509265
555396
542706
413546
607227
652992
593133
534824
553863
445472
574773
470335
663715
629587
514807
595358
515652
683407
424095
531092
510421
640523
563376
669855
631718
656870
476293
443805
505218
662280
482181
647751
571034
583242
530867
642003
410334
660587
611107
511459
706500
421536
623409
583555
475305
585815
584355
703519
663135
486729
440732
698904
732431
653041
388994
553199
651011
546172
670042
661430
589416
619169
422323
583865
561085
715277
649530
439484
527071
486204
488476
622218
646231
655303
441355
665824
650705
505220
545875
630370
401212
633861
475966
478019
649661
443744
447292
660702
418468
609750
473989
671843
653719
592418
682657
542398
654311
655982
695815
472361
717559
551095
587562
460090
575166
599172
611980
706679
585619
404328
566039
653916
577907
459070
607133
594325
595225
719261
658741
553708
476489
406323
627478
416895
729978
479215
580698
392746
699297
658242
566128
593876
736756
420260
555854
408397
687860
430229
557006
569339
537744
615670
634219
615188
455132
667405
518331
617371
531794
478269
644529
591338
581177
437332
420446
632382
612255
475122
654727
600961
652359
606010
611273
646209
548248
435074
552320
440333
630320
706734
588401
637432
638059
532018
661697
458764
548257
596555
550368
423506
475844
611581
513243
638104
633825
420781
664094
421155
593982
516688
639035
513238
579027
629393
442417
649840
600244
620353
482934
690860
738397
620953
604197
529878
558352
564985
620955
548939
588695
417349
648843
482356
645185
618761
430218
577990
420934
522111
709574
440074
451416
645061
485905
490876
513930
503084
426434
404095
674328
431457
608320
633041
636758
668340
505600
634586
628167
612966
658831
623471
552525
482315
591919
457684
519366
504161
657776
540123
547543
420501
655164
609893
541900
633495
601904
671402
540166
567947
470814
590925
684775
630056
594929
599948
526742
564509
478680
634777
447557
549251
570330
634781
556018
594990
518415
426293
437483
441482
647543
621270
643989
492800
586740
633474
485231
664212
726721
625891
667780
484301
510816
598678
505997
589088
623107
610789
699149
624427
491039
524405
720868
417379
633585
600957
450238
655326
648161
541827
544339
552567
675214
403133
529113
652036
635813
563890
610378
575919
457541
493081
572237
576227
541919
527612
531423
546872
676103
452617
526469
415922
559448
431167
561943
445944
616983
495590
539983
441868
664453
719038
593556
491810
613154
534757
567336
645723
583738
587775
694662
622430
432440
695671
564645
453920
583744
523903
653964
425076
411869
646553
436220
443887
691663
625822
659635
584623
432924
688930
554568
543030
700015
427060
607029
622782
557990
626740
442390
455142
634191
564440
682151
585067
554173
720933
510265
387220
613373
556224
519420
474873
480752
600558
526586
574526
472632
704098
412162
618016
608378
599344
472894
625095
465475
602687
398625
468975
513181
551173
481738
551485
570168
671374
450478
626803
623123
619664
648576
667175
662517
674980
579184
600262
459042
597626
647461
645119
653421
650403
545523
591359
591878
543100
538692
626686
562031
607515
498379
571635
588415
666942
646391
433386
661199
719667
530509
567121
702285
641273
588244
695424
550169
632723
681418
689661
379877
647677
594586
713818
662098
415635
507627
595304
459406
603962
666059
542132
598292
490773
630679
632979
576124
614902
595586
573255
661387
414734
611096
523091
699426
473521
448705
530943
602630
667930
582489
476390
473853
612663
556774
620965
624910
605016
545421
568582
453429
426880
419275
488364
667350
589051
496495
409944
470510
619337
525476
505020
423889
640875
638251
733085
606207
444940
572780
452854
648032
662356
647681
621278
680729
663475
513099
660623
625875
574599
426297
472111
636046
507011
486698
619305
522162
434774
540585
542794
510240
685618
531668
666041
436073
565212
491977
434640
642281
544275
479528
471904
462405
566738
525955
476509
429519
514406
648525
473204
617319
525402
566392
538140
713604
679064
623481
423408
464050
563208
735094
562239
547992
509504
439338
521394
639670
667532
654614
397705
536078
607919
429569
440631
553440
652084
661438
567125
536204
612114
458832
477530
592148
546917
448026
524205
420412
654090
550172
649068
424504
560803
608444
720240
448679
662239
506044
666761
626543
657368
542614
570493
565753
639062
510502
476528
402585
509568
684989
459346
556135
605986
654614
584443
556079
547883
482575
548911
594435
556528
648371
644717
697958
547531
587642
601303
512717
417213
650956
657673
479046
694913
670946
476486
515954
536218
638581
498105
721062
600409
474637
552752
614257
446310
685565
525119
461731
584823
422836
441074
483242
561159
579910
664658
515988
529417
460797
434499
404650
549384
633661
514833
611234
675899
444945
389664
600619
425694
542319
723857
538668
581086
619325
617266
461919
580007
440160
645586
456192
418853
663193
480195
500499
711300
563352
679808
606938
551899
576289
576316
685989
617453
624054
643840
683932
537832
648505
638255
441930
552446
600375
603732
475290
508587
468742
524062
529253
576593
578393
718332
586863
728690
542515
546939
518108
598638
565332
525373
618747
448332
627288
411905
602511
557123
615191
681973
448377
486389
620788
545534
491104
495981
642880
448879
682558
427310
544920
659397
394805
447918
681343
654174
609779
547246
664168
689677
551243
564811
604696
561355
576839
402919
538954
710196
583084
420230
618033
609000
628994
597883
472649
659911
610005
548451
661804
473960
543870
424720
558153
620268
641895
482066
429445
562601
581194
735007
600243
559122
657728
652902
428706
542367
420196
609662
651795
458212
545505
566549
629530
442532
660541
549987
666410
679315
639970
451216
405078
722037
427488
573851
507614
415230
546388
656740
603471
465037
591830
534963
539917
660234
547947
409936
407640
394573
526671
609989
528595
423110
617897
596813
691446
601375
580372
671436
546136
437770
558815
410518
561887
582983
457400
497011
680075
584231
582729
486782
444218
617161
642039
731636
423722
472155
667308
451457
631120
502673
512225
686651
634840
394036
638653
632097
646530
558546
724589
546187
487832
657123
698081
584102
383239
375514
550646
620095
431945
412386
663477
421621
540392
604876
653595
704437
565121
476177
468923
631752
710507
498581
592009
510407
465691
516280
615336
641835
608575
638870
546476
474712
422367
546222
613050
427189
560724
563554
598994
509325
587106
414594
631630
453426
494734
614404
512109
675152
656941
518438
659588
695673
605842
419454
587901
479579
632503
615874
516746
489023
412057
645537
419003
607981
487270
458877
626521
662364
686097
527393
512433
485172
466324
511927
549600
583475
456353
626171
419225
626235
716023
627509
557098
499655
584250
508628
432301
550491
576009
650504
694731
486489
625501
419882
462963
451556
430878
617124
641206
418974
459878
508909
458981
530080
506611
600033
631914
448974
453822
581147
421264
505565
548810
422877
610155
598413
424357
644357
516734
606685
547937
679499
550725
732261
567954
676318
447892
428835
588545
542617
642552
601011
540051
552489
581600
449197
560279
642928
472031
590562
559664
727190
559673
588392
549047
642432
647173
448638
379175
453755
614336
527768
516791
380455
572740
459852
522495
449410
423599
658152
419915
677382
553085
629234
666033
552137
568002
572671
661280
486094
642736
466898
554040
510940
579752
584542
414472
556611
537857
588865
513356
579765
616591
543441
476383
734829
446327
661034
425993
491828
620924
669092
475843
533530
489464
594857
606755
401987
642184
430282
558242
708796
515798
502726
619587
618666
460670
544174
552104
590814
648520
593543
495304
562629
678120
633231
585110
507539
447983
645837
508334
490461
453490
659388
487025
473686
543362
600065
588315
724703
426715
390687
610834
464955
425001
477141
605776
528206
573720
600814
536102
575357
591978
660708
470823
679231
677469
561197
456365
561986
447580
531473
726341
646581
559985
488853
678261
548547
682248
511262
584574
597173
575770
714266
533875
525574
549839
708358
448986
621574
492003
459174
699924
665102
423429
516937
663152
535838
512406
451452
588340
567657
467299
600540
625528
490174
665734
538350
613128
639033
507116
625264
671633
563300
654566
591610
554991
633815
452421
672797
611454
529961
663944
610644
680385
595453
445555
511666
725629
657672
559210
551096
679290
495325
469762
527875
599686
384219
643653
523133
585695
683343
546576
394243
419115
549893
458546
629876
660924
546640
656899
488099
481924
474908
493756
629949
499805
459338
549917
551183
618854
424312
696809
612196
417318
471466
465142
590974
421305
618658
530377
594899
423149
474205
627398
594159
536300
614668
593698
561138
558089
472374
456869
557847
433181
482120
554192
624670
430343
404919
432165
735503
641231
539615
656238
503048
726626
513614
616085
489613
691024
680207
608884
521704
665860
515596
551887
578767
528278
597849
609323
640090
582998
431160
640182
515393
503128
475912
665163
688592
421311
673774
515444
669794
662285
546807
420356
628012
631470
573260
428814
580255
614315
585722
559852
643643
518439
674448
540575
582904
629261
658740
518488
550890
539947
548960
565423
433141
554459
649978
547565
600748
545677
659605
633201
589122
693340
542200
566554
504850
638567
503830
541221
702485
601765
454196
658748
609526
480332
466389
603869
574525
495069
543779
616474
621392
416484
632263
680854
474383
629475
738324
610107
531033
593085
414903
594004
626630
541573
599273
461561
439432
680397
601367
678192
520710
642349
593824
395505
685596
483867
561001
572352
585977
555378
512659
623918
630366
690455
537771
606133
595357
510320
482638
543722
539728
589104
532168
575901
660852
472346
683381
683106
653388
576335
466296
577792
514759
625940
639508
543893
645457
548744
449251
597031
679631
588571
461504
584423
467276
669436
479643
422326
533336
605127
572025
641696
727361
586605
416459
591807
614400
530329
636643
579943
523130
596603
512329
460437
462331
605408
556939
707153
451536
481663
493416
485037
694994
622493
589579
558037
569550
463949
709885
390687
601620
574088
523861
415478
665504
440577
471766
613450
641404
543551
506238
555697
604616
539640
656994
535561
633964
654670
614774
560241
505583
411367
640500
477171
510523
406363
453433
479377
595373
462542
619391
676796
658118
720500
584164
512017
466709
600002
510780
522828
637580
682793
452006
726961
621827
621342
578344
620705
540716
573282
457640
699352
644855
688648
526528
389364
540220
581326
633890
495945
640552
437238
483498
529117
582333
547308
511723
503987
649016
677580
537173
660504
642706
472904
555908
394977
569684
443435
545471
511448
515143
423568
630122
533386
664233
679944
644374
564108
673256
614001
628917
428931
617450
456296
605909
630246
467472
457349
625040
545544
518860
706063
595643
534415
514642
389131
692068
581098
453161
634320
463123
667866
543208
662014
690744
678687
686502
682811
547367
576225
520187
570905
537597
567163
404326
438532
467473
394038
479924
616980
608960
621189
573755
657054
688475
539817
530355
669858
497098
704533
622637
553353
413132
497794
460386
595105
576841
679315
422546
648292
673323
430823
563286
593472
450417
584251
489863
661484
450931
690809
477002
516772
518015
664846
547881
568972
596663
602703
403424
489185
545551
683871
479208
432880
670861
560339
697053
623160
580061
723635
667763
388269
650107
586840
448667
561052
602771
514893
445683
659358
464654
665979
697548
598321
484851
535469
473092
635650
636892
463028
559412
594804
641748
430023
385345
663596
614169
423510
664715
566161
650665
543132
618627
551187
659613
602447
661717
631263
460705
477961
581710
731358
459695
473428
605059
535156
464224
717599
399868
684912
654313
646768
541060
536311
426148
557769
535232
541586
615507
583481
648748
553925
527404
452065
670431
521478
452560
644281
629349
606278
665804
468051
427626
486283
614653
632809
411544
575699
459781
521308
533698
608092
646006
497529
650732
581052
562005
537217
601871
724369
541096
554327
693454
509163
630594
647011
574206
579227
473044
641743
580293
609087
675209
549144
652709
690763
664688
705420
628890
415733
474424
561158
392098
425528
476049
557973
513436
513829
656403
595575
467335
642360
669117
557242
548116
705973
415289
564020
502876
561652
586725
657443
644759
575676
489464
579064
639203
519803
469050
532710
553512
509841
431191
473651
428508
654845
409273
470848
717071
619402
534513
660110
688696
684849
617747
651935
664916
675778
657442
553629
478762
482231
453413
480261
638838
540302
572358
661058
648280
641404
655262
464382
602272
664190
503712
479516
414426
461740
631610
707114
732321
524888
631005
399885
586502
606200
570756
635585
440262
572031
534609
671532
484111
479999
676521
577080
605368
548591
606169
592926
448298
656998
514133
541540
502191
416172
482715
434044
536477
552919
558298
612797
570522
645125
547710
611753
518308
605174
666733
623858
462342
502758
478285
558272
647895
487136
452439
632623
499664
581697
571521
499830
440443
666021
552014
463161
472743
607603
449272
651035
648959
481998
610520
547585
627574
548880
487140
621032
553964
562286
577598
632969
615891
483263
544630
625253
420413
551231
534648
462486
549613
715283
616379
462153
554010
642259
393504
605335
585417
644180
621517
469448
713208
460575
603820
385154
520229
673805
624887
711941
654864
635873
430047
526385
601833
551514
569413
608155
570604
641776
516510
577595
510298
628535
458208
562008
674494
592908
638282
386506
697945
509706
544936
443275
455907
607490
624407
587696
612148
594902
572644
608057
527591
458703
541680
653820
572271
522641
546000
552683
559189
498322
443593
624054
550664
466471
414710
465153
552611
475172
529480
530046
624813
631002
606329
515214
612660
492329
539395
680352
653659
642510
480574
514193
473329
507753
568217
565993
634046
462505
472606
570107
478228
629753
656408
727230
462959
472436
519424
639361
651051
667880
449026
662211
549791
573944
576881
476533
423548
464812
537149
452633
461904
610200
520366
625596
621951
688020
625373
698725
556966
597405
652266
548615
483076
627223
584108
625088
661995
529905
561770
403105
490280
522940
468194
423322
380465
517860
606361
590622
538530
683788
651757
586090
563827
525990
547855
553826
709747
677303
585922
395016
412816
405056
695950
670310
637300
624403
552746
665080
596742
563891
620809
401741
579148
615144
423902
512055
531295
658131
631258
570505
589783
537032
440384
641012
645431
512217
439777
588178
536542
726125
731350
676696
542673
521508
595819
568220
605491
470408
645517
656768
575403
522660
415655
609887
385938
517384
563538
623221
635799
575613
547941
446108
525577
722325
644856
506209
520221
439960
409194
519723
603052
411392
487808
447011
532972
586553
554578
557697
569713
441582
473113
655762
532212
587450
420148
665170
597357
547021
554625
531585
605698
534407
551575
551533
680629
630006
723671
508394
549224
497588
617906
611690
429554
626504
660648
539558
582097
698184
550184
611890
378925
469961
626163
590728
550826
433192
671421
422858
579101
557734
646205
478687
589337
611916
654772
434772
649660
540779
553908
653319
397929
465142
398373
560026
624237
476082
581186
470176
598398
609821
423254
554319
576758
640851
567335
475096
405295
620280
540112
670370
644246
540342
722604
518582
393003
506896
471281
550534
437973
688567
548785
536021
574993
543056
561966
468745
632267
510173
528925
450004
565995
545149
680849
457225
440555
412484
480883
624121
625770
463343
419419
557815
628083
442848
424401
478778
543097
587507
704869
635365
586268
663246
390438
552431
421426
550246
463024
632918
463463
556884
514307
496822
577431
479022
638928
683385
562568
545771
654877
531977
604266
627645
630986
685736
553677
575483
453601
645595
590987
650872
616727
657152
640502
594646
679392
630356
594359
678591
559687
407109
678222
464840
511919
588293
565238
456833
458870
466163
554194
411200
546620
574162
551767
486583
459996
428070
416708
700931
585284
517863
534862
506908
599002
682924
577727
496841
575240
612043
574437
491736
404285
432828
591604
666108
529701
643936
662880
544854
482917
454664
411665
515252
518383
561463
570821
553980
547839
503797
521613
566283
644702
682523
552138
573922
499371
553172
448659
504863
561294
438105
503714
611304
519371
582105
422972
609706
651135
521449
443112
590709
615059
590225
516049
451524
582493
521532
580471
545039
540343
667105
701578
471225
570114
470553
509980
427582
489623
737723
678087
594745
548934
617460
533176
608097
603821
416587
598870
655272
509145
522380
458265
657398
641833
484553
605496
664456
599121
595200
517329
459314
648071
582094
636719
508921
679770
652097
477281
666694
639922
652712
537875
424079
589728
587004
678702
598560
631406
607251
694383
532258
549132
693626
637318
412837
550140
556869
564026
501321
618590
552286
696290
470975
511442
534906
486016
680729
379048
473516
694166
577945
476078
612154
460483
527152
572163
448961
591470
582411
660590
539524
655605
651973
636150
527497
555032
517670
486087
507917
556402
456347
555677
641090
529439
556569
669022
448644
592942
497595
527444
634681
720575
598775
651385
407364
592457
620187
642217
463985
608363
664464
584511
548823
564118
380682
616302
543936
570442
626307
608512
583342
631274
515812
553341
460021
553260
667979
505936
615888
506390
623649
467763
652340
544719
651353
550352
614753
631555
479244
622482
504624
404839
421169
420810
549065
533229
619532
428988
575078
411416
557566
512321
617995
658720
560316
550916
676471
506378
655920
553625
541752
546764
601816
475380
534862
462349
640647
550128
589955
627963
440103
624227
450462
418092
584295
599743
624060
657879
544822
630584
578257
577863
725383
499042
678321
554555
600845
399994
391367
633027
511736
583615
498866
399304
604266
624586
450707
563007
587023
564964
470351
619982
559335
425263
418996
426371
701862
669724
611387
520471
662791
469487
459235
582259
473692
555706
549520
646995
604781
456218
538013
476481
508573
578255
576296
459473
643378
540932
681813
581796
543629
643196
632942
478238
564121
553935
428360
542485
583409
620579
381639
402661
445626
551106
738480
404173
659966
536118
653720
421997
683751
536936
589208
548472
568432
564311
551651
623821
642224
431508
493760
499783
451592
517090
546577
507055
550956
559566
631914
465006
488685
512801
720453
633360
516449
635136
458404
677695
512079
620424
654737
475412
702548
548214
639137
569672
734582
641961
531401
377618
450674
704044
561890
423073
608500
521637
633116
601823
660221
483849
646683
617888
683538
604496
703463
514728
658339
564296
443113
451691
559033
460516
700489
457996
620662
517347
589419
656338
595744
616349
462449
581452
554526
535742
660413
538315
535740
460347
655992
651640
550291
460459
550644
452058
471370
590604
557181
560303
674471
688662
550847
732527
665403
542190
673962
494297
651103
391802
637867
707138
458645
584756
610248
465300
561813
524558
557990
510762
649003
618452
509972
486564
458816
553377
637943
581971
505276
427318
429614
495275
472982
460143
508985
659382
609911
461354
639033
508474
507575
589985
648992
564852
561959
683157
621559
648088
596633
486695
647604
595621
547738
659436
665747
681024
467092
403140
507078
643375
589336
511617
530120
536318
600758
551913
468077
654528
443132
734422
400005
478728
472148
545468
608855
472095
482149
563158
396770
663305
526610
472918
645055
430879
520738
523966
512278
425457
539719
632579
419713
585796
589951
575903
663760
466145
631672
585875
463352
487298
608933
597121
449828
564741
720647
444681
564049
567118
405036
588533
727583
487899
544244
548178
651017
614122
583568
622133
474473
584903
561743
555883
517199
533630
587217
590022
465116
476566
451658
648630
731468
574102
527189
576120
560928
614155
614774
618368
443655
473426
545752
544557
479227
691856
566658
652674
526497
642197
557781
579969
517283
507072
422252
474946
492118
680412
546386
538141
620112
547500
432939
543862
589033
605500
458717
651836
532185
513766
692331
470810
556026
545689
607419
523501
399625
624899
418262
595187
396966
384317
598576
606737
544929
568742
577209
515448
602502
644180
543846
447322
673096
624248
440254
534388
425707
601555
606928
430676
508208
508496
406518
615196
584328
585004
633254
469732
637311
589858
412940
440627
656886
658161
602972
607825
722569
623097
607136
545382
467531
675086
429437
650980
615401
641165
453748
426230
436984
614407
392043
559348
600002
521161
452542
661454
587054
678923
492393
586590
501564
625403
663529
576843
594648
634228
520953
463273
586697
579620
677464
439206
606365
400112
453297
583493
572641
602682
598707
599602
608942
704324
509399
660053
488924
579044
493532
467211
564193
518539
397621
455441
681363
619606
515036
654964
564891
581318
464150
520264
473449
543797
718151
593068
683054
437223
589523
644764
615637
396451
598077
646164
401595
631234
626683
655146
632905
442060
618628
570862
586880
583252
667292
587085
565883
501556
568352
701954
543501
575050
529541
568844
610218
709729
468857
656576
494776
467842
451020
627225
587675
496800
511187
606303
488567
569896
636072
611361
408681
603705
571431
578505
619693
553263
634947
697131
563800
601424
414100
423880
423739
648614
510602
643802
640270
470006
547914
479843
426729
432236
580511
664665
520987
665159
426308
563526
669497
508426
457329
530902
487489
681673
620454
499554
624563
618734
571775
435609
713708
383311
644730
723695
464568
580558
482434
595264
519791
631959
471361
475875
687985
429689
421449
505818
582624
651811
608179
470916
620659
678704
465520
591341
429645
507759
683405
566049
456456
686929
485582
641283
717240
512396
496438
592959
562031
652609
627978
636960
710079
724500
604853
472992
630311
472185
624478
464611
437879
480740
659444
517263
595440
577533
709680
608422
469453
671746
423992
688818
582192
408097
395031
681446
632612
600684
559149
669171
439878
468410
620039
630401
617990
633927
634047
556190
391148
478741
535077
523920
647525
549198
415975
462767
614974
625969
544633
526962
632680
539751
543625
588529
394145
487281
429919
567436
542663
415685
469421
665003
590666
599517
676639
526538
639288
475485
598840
710066
472323
468514
607474
431565
632727
586757
690362
542765
560205
592093
461897
654505
460078
479471
680928
426441
432788
638575
452837
554492
467564
624264
662509
679412
629589
658340
624901
629585
648290
570751
668570
464019
704820
578914
587241
479515
512097
627446
564969
580107
710557
452103
643751
491211
421517
426752
555742
666692
587600
454338
695736
385200
585321
423112
562493
418675
395975
432598
648679
568814
549902
651115
577387
547231
611567
445666
630569
568503
685897
542158
532204
656458
566855
655979
548011
557650
460236
648819
588437
423848
596942
398835
728279
626931
533027
627429
598868
494773
513201
609059
508301
577596
564340
522301
447795
631460
522383
644157
659272
427891
418897
636985
699091
515079
636620
515616
540778
626647
667049
668648
633442
413738
581096
544064
661194
634380
619813
620121
486702
675298
678435
478546
545000
615296
608214
612993
622338
515334
563168
465151
531522
618745
479822
543986
562587
643566
734606
541552
686653
540990
616899
561770
618433
594049
590039
661758
616913
689578
646694
688622
561347
622850
724899
625915
621486
475811
555732
440868
545668
658569
385220
519989
579373
721716
586739
611370
591766
615352
610895
658000
431366
622294
586024
640282
587961
536199
488061
430966
477136
646910
562336
685621
627980
596827
572416
437199
599529
609953
550106
470851
436687
700695
539557
699311
536500
651448
596160
675754
656594
430349
503512
422799
570514
602468
529092
663540
678267
603023
554658
535088
695754
609496
602034
643314
594952
547722
710194
583319
388837
455728
623520
442484
423196
448233
637256
631878
442177
406652
511243
544082
604250
690985
555403
621685
541592
675928
546386
610430
403246
475179
468881
397172
573391
396749
648024
641523
673540
706121
465107
635472
380281
582368
661694
422409
421854
483094
518545
412774
563651
461803
626706
508563
464788
691876
623680
524903
592510
467647
461868
473451
543203
564919
481495
487095
583741
532670
422121
515258
521500
594046
536287
543737
632368
564569
554693
419155
662189
482795
612316
543032
560416
580588
552939
565099
713162
677366
423080
635653
495875
521170
536355
467818
661733
478847
548068
445973
620381
608671
632900
613724
589990
673230
684272
424611
535809
618230
558907
585685
428432
722814
561693
430026
479907
445074
642219
558209
509841
730803
471135
615083
421820
725450
659956
580831
434491
560406
534820
685592
571090
456555
529061
631616
737707
489443
526687
385078
712768
643739
482746
649011
669626
629662
644690
606058
705856
590062
412615
731034
452948
693091
488846
722049
460986
557618
611155
597327
419711
460446
464503
654444
652693
535773
582348
449274
549057
480762
686991
470720
422717
596887
646605
651991
719910
699078
589942
720605
542241
621764
552867
545619
669346
587990
592026
661190
583647
554922
661122
523112
691616
669936
707629
581795
445134
383167
530781
542107
403387
520982
593713
552376
571884
554372
628318
596003
535659
462943
683047
428377
486515
579770
604576
634664
589449
599604
689982
557264
519821
667956
661757
560320
420492
520036
621571
545688
629631
403960
498773
544241
600369
557475
712306
622652
452202
607842
573921
622311
440738
696331
625802
424036
601509
637658
440780
470076
491675
464028
523662
635108
608788
616955
633429
474110
600884
679257
447252
442262
582248
425054
516421
538921
427738
507813
534897
568939
584748
595799
511293
534384
598008
475622
721022
610812
637777
515300
604123
658127
677452
461907
556324
572012
657540
642687
424898
592398
590809
446532
506410
700942
477342
622611
467185
468329
515028
726384
453508
632339
419942
395042
433606
651768
512807
601886
462034
631085
628058
508436
395694
418556
615364
659427
592758
687019
607716
616752
686029
629370
420438
655590
545060
587114
462213
652747
467275
621733
626968
537545
583250
415982
550664
595569
629642
452028
434768
578957
602682
555169
500866
583265
558899
590177
576694
679220
645702
557975
609468
526143
609675
490116
581396
543261
419807
621677
701657
515531
605283
545838
560642
623246
591918
630729
507868
571951
531933
497208
695446
652835
672622
480851
656131
422745
641731
724583
586307
591635
650653
611752
595166
652205
420031
659669
425073
586663
469068
554054
689834
421760
642373
569455
552797
561078
518550
555122
703816
585537
589269
569603
476981
688035
650729
638205
590505
684406
620448
617761
406419
643976
558255
420483
570848
545293
574126
658520
656166
641814
623353
615901
616797
504502
723700
694622
549009
491745
600493
668569
581065
654461
613771
485082
638654
421550
476696
423443
545960
482344
618080
609841
495425
584042
471739
439777
581852
459987
617831
635947
436589
391401
631937
439431
710787
591766
572322
609894
625221
529279
543980
460243
603004
493578
640241
655813
660659
425646
495040
472978
620008
594494
547233
470930
544444
552210
409971
399153
601068
433660
421662
527288
669218
468033
610429
426130
688550
380837
497316
421159
631646
582917
654881
611842
610849
671172
471322
520969
638415
515092
591428
638853
612645
652323
544883
658183
509796
628049
587569
589431
690961
491078
681519
667414
550541
737524
712067
728074
489822
398456
619819
471393
565548
618506
471477
502041
486374
492388
632431
595147
654351
624905
565044
637364
679199
541843
584592
660302
526536
643627
651699
550363
681961
605866
582637
726248
720850
450863
552145
646681
566120
476072
578510
425115
428846
690535
688272
698422
424313
634510
525524
642124
620888
614221
466373
466494
574247
549146
648723
652732
569325
582878
632509
596324
600553
640155
625976
437722
559294
475752
655905
504506
586637
695879
548346
489650
588664
539261
604451
604096
610190
427339
541293
692702
515028
619027
731905
415087
666798
556858
659076
559578
633666
546434
595798
407102
475931
656272
614057
499578
601175
698224
709262
578393
627668
448513
477129
612664
571847
430801
593509
603940
625160
589465
517656
565169
626187
627885
696182
629977
659809
629780
516072
406137
567284
473416
516832
398698
599585
486053
528687
479132
499790
477887
554151
632086
537122
553605
597165
674199
674418
506143
585318
626828
487318
422748
406809
424793
513552
618179
445271
483119
655598
641910
539843
658245
584133
648585
429157
641879
497050
426659
538542
653606
625320
452424
549099
425259
665696
442678
419156
656135
421287
443196
563941
684975
468792
574589
587010
674811
608243
576830
666564
543133
697112
517521
601041
632671
483414
539351
618526
417343
467658
650131
406767
446772
427794
585581
476757
482011
424592
623472
421882
651462
617963
662126
636302
648339
481729
622644
466346
455216
579865
483314
724430
734309
453252
459495
474163
535868
569443
562210
614453
393353
679133
378261
576642
714747
419382
660650
509317
546336
461330
635681
540141
721744
505209
513554
481232
639613
617616
570584
422546
439425
624656
671017
632050
467458
573885
541093
602985
549070
665668
607316
735993
726665
478527
675837
618238
467157
444680
426036
469710
580422
522284
654136
611572
422049
656676
430555
553425
609514
691852
614022
537075
603556
671957
423782
591177
723705
424749
411947
440111
585840
597949
638801
521820
687743
696894
419634
476216
508834
539014
722145
550370
518743
463452
613565
464179
551752
668668
547786
429980
478911
538820
565311
555499
660196
413692
631831
515272
559890
546806
590105
614828
488219
465934
662462
731934
722923
422752
378191
612420
503793
705048
622700
623463
524545
504604
481128
628946
555490
646331
644444
701302
594258
588529
666416
604868
668813
617288
418256
657810
651509
619585
666620
448337
613598
560690
472170
509385
532462
660878
536337
591534
620144
575560
454004
447447
594442
488739
469271
643870
494278
600858
487402
428641
461145
530787
634476
590325
593500
621048
393247
375684
593910
612786
556444
488318
576965
577583
472836
469175
572395
578578
656233
605204
551848
624138
506123
600953
545763
601577
683895
664375
533217
683798
482994
677053
580818
569221
419458
440038
723728
674973
618559
425087
646527
467077
439196
615337
523549
554661
429232
613943
550319
627491
649809
428079
461915
556749
645943
681693
734298
512382
646475
557299
629765
601878
531693
679766
571815
625491
528620
571425
602239
418034
628514
605052
638555
590290
591294
615131
551472
435989
523954
549807
547933
550845
461708
719914
513334
456524
540173
575459
435364
424791
592404
483461
627255
539965
402242
593461
427131
714694
485862
730216
467882
652101
616268
648978
544801
593839
667406
540008
603712
431603
538482
606815
619348
543866
635927
730747
538587
711496
583919
430044
544025
677665
722248
545140
470590
659599
720092
415171
463517
454740
529612
632359
708960
618569
439677
699499
693998
515007
696506
534888
615678
625258
516894
484509
452692
590022
541742
551524
557481
569069
461551
655465
585686
652875
591836
496190
515721
547880
693479
514773
564205
556774
546575
523116
663951
642311
511114
624321
506368
443748
425127
663989
573894
529317
678568
732295
673666
545363
422750
446588
600580
442778
612553
666658
474679
692579
621794
467046
505432
594881
519762
549101
485740
648821
472335
433381
709503
625270
518232
602353
561566
515622
683569
427438
629846
470583
653451
520597
394562
508528
426273
594291
666870
590946
503017
576853
680757
557157
602923
605763
411134
597698
479041
474607
485902
727344
530118
695529
440608
395097
653462
589126
582950
609210
531737
657174
613061
654393
477323
509897
632271
709938
606861
696009
534398
565529
551660
683554
542404
621178
526586
432782
555323
537210
660190
654390
567189
626429
394709
466441
687677
512852
486707
425931
614751
609202
484335
590647
423302
565024
642917
626163
542389
523800
645997
642724
657181
463035
443122
411723
700977
494618
556369
593833
679003
468471
674151
658505
685352
458119
688771
533455
423979
586481
689974
574622
584154
626238
410655
472914
390451
603089
696041
637323
671122
546519
496487
460284
605782
440557
639291
546074
653848
384783
486855
467457
631962
396626
656960
394725
494568
591464
554772
436100
494862
560245
549580
536088
645984
636084
660183
435822
456432
582992
636946
629123
553132
659554
699489
627471
565429
486439
636258
456778
678679
500014
529905
420863
447188
511959
575208
672321
429171
648146
495822
548246
447749
646793
507767
588441
622138
388295
498465
449640
642248
416469
640062
459417
491847
669357
497377
611058
620266
569765
537181
663104
640966
499750
387547
435955
628781
722295
615636
672747
572920
625472
652304
520222
660704
508399
627134
505869
627696
512060
461524
475073
565079
605658
435956
474366
616315
584082
475057
630414
525636
581581
513993
557995
684860
551955
607173
434684
534010
500398
588024
506986
421542
570198
555488
650128
487362
643987
461339
497399
395435
617285
627771
638666
629112
664786
467549
393337
619730
645094
641973
673433
680831
684294
391298
588724
393071
405680
502452
595945
599207
625982
458658
420132
528372
555675
425887
512241
726442
422042
583529
575495
525090
425143
574861
655526
517353
723365
525167
539316
550467
658068
637278
636405
427370
706383
720634
519895
407678
649498
513214
611476
421208
570715
519573
552108
631756
635595
424502
661743
562663
614045
465959
611954
666074
621624
474756
565250
596369
420365
531802
589133
449758
647310
598481
643858
636172
561031
558581
546351
480641
590198
672631
550349
517121
622692
573720
541706
472044
450076
670619
466280
476065
464546
621552
623739
667899
637333
639315
425270
536506
559008
668760
606674
575670
642984
590394
619477
607763
424328
651302
508464
579319
504037
656367
468716
642090
535973
670994
588437
519535
631954
639840
406429
391556
637587
652397
547926
597655
650782
422538
558841
392236
461607
497287
516363
466830
500085
623641
546219
552765
563373
650846
451306
621794
441817
487071
422925
700924
551664
620866
644455
644348
415195
611284
606123
476722
430648
554997
654765
540522
676086
568081
539425
651773
620153
584201
648157
500460
546644
446519
545680
428045
517224
632737
449364
424791
587347
565353
457955
687081
427813
419458
578679
656045
660706
428149
658458
489592
589370
640455
418991
476315
597239
670445
456478
545102
681314
500124
581138
426491
610871
443977
538922
457203
378590
543830
639891
512489
483966
722612
698837
595193
585454
539497
591540
514112
627111
547923
607484
513273
566970
447382
676477
587764
678677
595218
728998
585944
514537
619120
420981
528587
474736
637157
603661
544030
588794
568236
420913
391102
640930
670092
561661
472044
469193
450746
665592
378332
447145
525986
565726
461921
601030
422503
662194
425129
461852
647445
577828
550089
453794
531075
624653
580020
614223
447348
657205
577195
526179
712985
559194
422681
454345
579585
469638
580955
419364
667517
606848
560617
656359
721121
686217
556130
495724
675547
531422
381423
586747
431193
521377
584316
473514
421855
557432
528716
714041
695756
537088
468365
531480
618785
530112
667678
586671
426423
664662
554887
598695
464596
578493
492087
608770
446615
454529
567716
614994
416913
379992
526909
426796
458673
652398
525224
419705
586889
605826
476800
463527
481631
595714
407119
592345
725028
466505
562558
391367
536532
431139
574053
502471
528363
569367
637015
552348
600299
622560
526988
662656
427574
544375
628228
586870
545434
628893
595632
514715
520605
664286
558504
525559
525744
489328
585699
613138
570745
584831
495616
593882
497521
457165
624050
659863
480725
621079
726447
646491
642786
476752
613092
595682
648838
663452
487963
565596
598338
543499
442030
587356
728468
470080
602304
724004
604379
456071
477005
555092
579299
469703
579097
517199
663492
646617
428941
523799
474529
545965
509404
415572
654352
567201
639014
530669
730450
510920
507458
665703
584423
470711
533450
547401
580074
555933
645313
653058
410727
522121
736620
421244
627178
407651
662084
604646
463261
499715
558317
571877
644133
478265
715397
549094
620294
655229
603986
654611
427980
723655
574282
564319
526605
481307
694469
426895
587696
399674
565194
617689
521295
574864
633369
610825
558766
565162
533961
560831
562054
581599
540393
632824
548587
422611
534534
575858
654728
605335
549441
590804
591353
553065
504097
414611
551911
509775
464906
472861
674718
547810
646584
729008
398454
575047
500660
550416
546716
578914
418975
662052
591269
465191
471555
602768
543504
638578
540355
517078
606097
608700
721675
508339
574806
550025
608552
580964
527295
419288
480970
407077
396924
628913
590270
636751
426742
618140
437882
515018
577485
629379
555730
659068
576052
565955
600427
428560
730583
465227
629981
600945
634594
603257
462029
605799
585700
549459
543475
592551
663359
518715
611053
557403
526146
580837
421377
632117
696777
479558
434147
505327
616736
657551
469044
557000
468517
536687
504240
490626
411605
583662
636120
466338
663585
544584
563223
661352
581346
578555
695571
522532
475490
448148
551635
644152
636705
502736
721482
625522
416347
541093
594830
554222
665077
646738
592406
644915
640865
597628
544756
687012
632448
438678
618178
647792
539649
509668
553106
472094
374373
464673
513070
615131
586153
676627
588031
548931
610338
610399
720672
585741
497729
682305
663462
633449
605578
413621
485437
665950
548586
605424
605926
721504
622179
464929
679278
638332
483433
573428
627721
721302
499521
665503
457679
467772
478665
585836
488142
568265
665934
550377
477416
625694
536465
573497
531741
537279
665870
634677
418265
602976
580797
582551
544234
627740
557172
442952
444524
562702
581499
613441
595453
623209
478236
403789
527102
572578
660933
458115
561474
693614
665279
545858
668107
709723
675963
450884
550094
492434
476858
739773
424204
639025
538772
464144
550283
636772
555077
725317
577180
652503
521317
521843
610614
638222
698665
454382
541851
555440
533739
622705
409896
417185
539536
513669
645408
558927
470136
651260
662980
724163
509671
515346
642670
555160
441859
665455
526534
678798
667860
610829
617747
586516
509418
502432
642732
447424
508566
731432
614184
610541
454931
488011
451746
569071
536243
553746
694686
531631
381840
566281
639234
586788
478151
635011
410632
660212
613764
539095
604918
588371
497724
513063
513089
632944
563807
552396
580448
571416
479687
635594
566098
538580
377322
546037
424017
547481
527669
593713
653316
653745
585996
524158
437291
658755
425551
420834
590866
608088
611007
586435
508774
630847
632412
569303
593998
426148
448145
476755
429810
660196
467556
618165
657602
609944
439901
482649
484459
636488
403995
489690
586600
680435
696422
424744
554087
544373
551044
413394
643639
562721
605013
588651
667486
515306
419280
712574
687274
530339
667754
544812
663075
462677
668947
418106
661619
444858
643839
568002
405990
585766
649188
597802
411515
610445
662412
703455
564303
494863
527421
600430
663340
587071
521078
472739
581958
533906
499167
586332
678095
475131
717024
588085
554548
708275
533106
619027
604930
666699
586262
485812
405530
547990
678083
544347
419472
550751
626559
468944
607726
501901
607586
445406
483860
463872
620758
577522
550760
629082
522532
572461
533238
676970
616808
481315
674769
594685
582748
626317
520156
671459
581741
390129
675059
512169
589305
608386
482658
608624
504772
558867
428701
562630
725153
632077
704680
615814
645726
545942
625179
403471
552023
500292
713293
500874
532852
615623
508430
421342
552909
660248
728597
737572
686581
562599
581345
568034
600302
470187
522598
469339
638477
526741
560630
497187
534937
549387
517913
613071
661550
593475
574973
443348
640257
523705
517399
585792
442003
640534
531956
402319
648959
551770
610105
536290
411037
477862
618551
552112
623089
509232
625533
631868
384190
617152
684462
583465
593251
569202
583212
614985
598012
673173
538188
631860
492974
545669
478130
579879
559391
543507
646467
598103
588430
479141
734396
655323
605525
689764
459329
526743
725998
544649
589512
641085
439884
408103
571683
490013
482273
532042
594413
546351
469461
460051
398449
657911
671839
656294
639063
552755
514500
409511
594702
463278
599441
568359
417786
602608
657817
527692
459931
395154
722196
530778
638338
628700
637537
608216
482675
671313
556369
581039
654803
567498
564115
610604
601277
615601
387347
542335
578183
581897
582815
461535
599144
566572
507767
551647
592576
518751
619936
550205
472115
542920
703631
513101
615779
608344
621266
661508
627778
692223
609696
570167
448110
573136
631707
652003
617890
676965
618426
632728
570177
550806
419263
478789
589355
572666
508059
645440
591172
519675
484318
533186
612322
458699
559235
585761
559077
693940
597588
433971
440073
546875
623641
479038
605382
548680
569636
496941
484098
664646
612848
494445
520623
584035
524160
526033
606799
499517
677352
478440
659665
579136
658339
586001
602041
472993
544217
484940
422807
513293
521547
466967
447888
467017
545052
424622
603756
578089
521903
633448
612336
566366
706026
496822
441987
550430
647614
611833
428562
472026
632820
595293
695067
653423
543791
451946
560736
598019
604009
436058
526108
605764
561315
587677
379999
722434
421883
663990
672265
533520
419864
686878
707247
645098
475546
575983
597046
656299
620853
457424
574447
698669
538873
467717
618421
528320
578975
632111
496327
601726
675281
580086
627677
537327
406341
511250
467116
616574
489442
506822
669362
550789
607320
655302
658515
579120
647294
441461
549738
622882
527313
576224
536698
586778
426394
490124
640079
521044
637206
697609
420632
432863
635754
577347
522281
590265
600438
461296
656408
691143
422270
522131
511475
495317
670774
660571
426708
638895
421815
510587
568484
609586
422454
542592
580477
597311
559926
595280
671306
536291
573864
594259
732545
671167
484557
419683
610629
662110
526927
641982
731367
489702
656400
559606
379243
690312
631527
477535
535052
634289
606166
634561
494304
626319
553011
640767
623968
564116
676804
543851
474766
499845
538351
553069
537674
628212
545915
670351
511938
545866
674325
523834
606945
525850
638577
569665
624241
542140
700380
667366
737631
460600
467667
627259
545815
528089
581290
583289
597570
613325
463794
545444
423594
673628
552016
451323
640643
539800
540353
483579
469483
596409
448000
588075
593037
509996
556343
484218
645739
523350
608953
625987
668503
636241
673823
646115
517845
563715
619832
606452
627873
570275
570491
545015
485499
506293
571445
621436
695309
391890
428580
632554
617241
613226
577988
560976
640451
488047
482785
558977
416304
642936
530471
607413
677598
663846
614400
484694
454530
567320
671271
643703
620857
501690
463146
514587
593496
462996
650314
548702
586893
685349
548309
526032
609231
471480
630352
425959
562255
487308
468893
544197
578459
681326
554140
635149
513205
702153
574315
676210
469494
660630
647251
622564
573886
481770
425131
584682
374977
428481
463292
561417
655614
608132
477446
614765
620877
649005
620147
606645
448982
681944
667854
652535
441799
510308
676545
616171
526421
431085
482744
501484
593839
548213
738249
573416
448633
565750
649952
381836
724941
407081
528628
483833
509209
466319
551155
433529
465971
576008
589481
499168
524563
424373
439759
573351
648312
623931
669871
445702
413760
443626
434058
592397
659901
673302
516254
650115
664154
637539
521695
652350
551519
400757
602672
553273
616756
514153
541051
558912
560892
515192
567415
545952
638475
456110
600206
503820
613572
581207
642464
619399
657524
701316
589919
420851
568043
480115
713297
498091
463889
649125
665551
462492
568232
540732
618371
497949
410012
549933
652738
582987
411570
414389
663602
543218
564745
556058
539937
489610
677357
478592
533330
463899
662703
425153
587597
705343
570584
601890
561882
639175
740540
527617
646322
658394
513525
509331
667023
544193
389839
637115
562119
617036
613396
680983
634488
554202
548595
607154
493740
588081
658179
625517
441997
565674
594382
638570
543134
582714
392716
656280
677772
598218
592508
476192
476619
449951
471776
562900
552011
654172
579414
641393
570891
513235
572222
622545
598713
709410
669161
698037
478938
449450
401448
462979
577507
575314
461846
619122
601630
557366
448054
617526
484182
659537
725061
552219
518188
549496
527889
587772
414077
618940
418522
689815
669824
690216
652379
496537
603343
383066
419857
639988
471112
638716
594049
462322
569803
675811
455996
468459
560819
444540
449333
536321
679354
594934
546534
445947
542852
410259
429863
527462
432397
622512
559179
584276
571810
451264
391244
424359
513264
425131
644654
455497
595587
528463
627674
487850
492394
619540
627945
675345
563917
551705
457680
457737
544535
456721
600341
580847
598186
550872
423517
518163
541818
550021
544756
606626
604670
495707
549094
646034
553792
521071
677228
553079
592538
569739
472116
475631
409318
375763
583106
539578
548995
639014
627093
673444
560999
679213
642288
468044
546214
655425
660790
664241
532107
440265
687481
653197
585681
506551
564119
440650
612191
584974
629385
617492
562109
650034
564561
459370
666278
584265
685905
621471
461483
495311
655071
634708
511462
609774
524925
700800
699565
584244
408088
545305
659655
466521
470205
693257
606720
558976
697238
445182
462196
553785
473688
633582
476258
655830
678969
554777
546746
526670
589702
422853
631345
404411
663130
585262
471743
575036
430936
633577
658852
577232
655273
652656
560553
541745
414592
667683
595589
375035
533368
616938
551204
506461
466812
424720
578964
699006
584937
508279
561252
552634
625589
509158
637936
462863
406345
728999
702105
539549
663092
550406
664942
593495
427211
503799
464044
643996
477220
555057
625659
633797
652522
623778
511906
682749
656628
564271
570416
615415
420186
517446
521705
602517
554641
452103
468695
609694
513682
472230
602295
526420
529289
632626
726182
685732
549599
546484
730389
470862
580488
583747
421281
627860
557746
726398
635505
722375
418620
474884
526779
694375
483735
476269
420781
414834
412444
595558
504039
614673
493509
474762
688082
656081
556509
442079
546169
582154
464189
583974
647658
476182
536362
426282
622277
443615
654300
552660
458166
538163
617589
463899
682439
621414
589994
573374
565368
681008
559574
518933
483501
508480
601405
651140
454340
549715
649275
671474
548725
491699
416548
658381
508808
589843
493235
435434
586123
505894
574280
682051
533728
463327
563092
508444
597824
622081
455120
576005
609014
668146
541218
429640
559085
556124
627244
557792
719595
679616
623409
660102
455329
549294
596333
581501
731373
568113
540115
530348
729276
430779
441058
464567
585032
503612
533009
483965
471402
614575
524760
731328
553590
660716
445749
579277
574957
557513
644779
438954
492764
472400
672403
668826
520698
654217
547031
591506
542482
392661
666649
655271
593822
557296
585325
480569
461687
486375
464026
659058
635247
575115
613686
653218
526617
663318
586620
588823
424675
655977
489759
626632
696892
420852
545231
563726
515994
621866
576741
541372
635313
498543
568371
673035
553688
540808
598094
699905
564832
435864
473524
454938
544703
515217
541618
515661
591757
650674
522794
630534
549565
465810
658655
541663
508419
659311
567254
558785
617346
542663
620852
464154
572723
530701
546359
457081
470385
477057
722681
702423
455840
589289
557181
648749
630218
581905
639121
477939
389694
467117
383341
675557
735685
427785
620380
576224
627762
547709
492760
502685
633713
454220
624262
421066
548794
663689
582995
584590
622318
621529
592935
606469
443300
658993
567830
590153
699122
603953
604771
680315
650308
542941
551889
414801
550604
441302
435554
510922
543013
544271
533869
646693
645957
449756
569105
458986
624736
495558
558518
586224
545082
638045
531835
629111
635070
553210
729288
428949
504148
449433
429009
692178
589363
678442
500865
720819
501214
559326
518699
408567
520235
510238
460979
541960
624276
641523
511605
655297
614775
677010
548129
495719
665560
592430
550029
593267
729474
428505
420728
671304
655071
640161
525631
659161
567575
658135
694816
412667
429954
624962
422725
631347
598518
514926
429840
562195
510073
627354
631986
552925
484694
705125
454774
683983
555260
423561
657860
722845
575812
509366
476282
539332
426551
500177
670574
624941
622041
422254
468170
558563
477789
657119
647111
567217
587141
428909
502330
518425
729585
655151
494424
504867
681499
577426
519906
489678
589147
727307
455010
560406
634564
509437
546534
486221
642446
453790
619478
559169
612004
557438
642483
581804
544642
562194
527798
569194
505718
568233
617621
444380
438276
553011
728686
575781
519496
608694
446774
645336
619538
543065
554409
596996
691267
690740
482874
500722
695236
558957
549762
586595
430204
607594
636745
622168
649508
533933
460996
659839
612223
615876
485473
472802
538472
526396
567283
565703
604677
539567
450179
486042
579376
507488
607949
488545
558727
620091
591310
629482
594838
583859
540268
519557
624026
445688
410511
658004
423534
627352
561550
654445
505693
632128
423251
638666
376208
429043
606698
426605
538457
462844
442654
523880
647166
564519
602767
516553
485338
603523
429109
629571
453451
454471
591241
435987
621814
590617
513436
441228
697143
681948
460158
577649
615244
565396
529328
626005
641209
510951
681190
534177
529981
545165
627107
427253
589805
547798
578735
558917
693306
597541
614286
602920
535109
414874
599980
614098
626505
596507
569213
633021
556586
686191
433991
637034
694944
464104
413326
571042
454022
668552
403280
466657
619210
633029
535221
523202
633337
486809
599147
632830
469577
692868
567426
638371
575662
433780
477212
656511
625739
515130
477124
560170
541556
660005
409722
423484
425376
550260
607701
474529
583798
655236
508647
580932
638453
651708
428650
638785
676863
425624
607414
442346
587005
393997
476430
523393
604311
512646
452811
398731
594114
520213
600816
666396
580312
712499
607130
630440
659894
617772
620040
608086
654819
478309
419981
730439
623296
645262
602343
424077
615359
689202
595528
