233016
0
1627605
5904
325520
8638026
14913080
170
4920
2100
5
3276
183
720601
8638026
301
657
1641
909090910
325520
6
52
65105
10
657
13020
56
9090
6
38742048
6666
546
7
183
53145
39990
909090
0
10
5904
4
5
1
5044200
348678441
9090910
52
657
14763
86
6
53145
1
7
301
8638026
546
9090910
52
60
0
35309407
119304648
520
14763
1
520
0
10
14913080
29128
13108
909090
38742048
657
102942
1
4304673
2
239946
90910
3640
52
2
1
14707
0
86
9090910
520
20
909090910
5904
4304673
56
52
13108
42
8
325520
35309407
342
909090910
14707
12
478296
9090
183
6
13108
